<?xml version="1.0" encoding="UTF-8"?>
<!-- Generated by org.testng.reporters.JUnitXMLReporter -->
<testsuite ignored="2" hostname="DESKTOP-CVR2IBO" failures="0" tests="2" name="Test" time="13.876" errors="0" timestamp="2022-04-17T23:45:29 IST">
  <testcase classname="Test.LoginTest" name="Login" time="13.332"/>
  <testcase classname="Test.HomeTest" name="Logout" time="0.181"/>
  <testcase classname="Test.BaseTest" name="@BeforeSuite beforeSuite" time="0.0">
    <ignored/>
  </testcase> <!-- @BeforeSuite beforeSuite -->
  <testcase classname="Test.BaseTest" name="@AfterSuite afterSuite" time="0.0">
    <ignored/>
  </testcase> <!-- @AfterSuite afterSuite -->
</testsuite> <!-- Test -->
