<?xml version="1.0" encoding="UTF-8"?>
<testng-results ignored="2" total="4" passed="2" failed="0" skipped="0">
  <reporter-output>
  </reporter-output>
  <suite started-at="2022-04-17T23:45:15 IST" name="Suite" finished-at="2022-04-17T23:45:28 IST" duration-ms="13876">
    <groups>
    </groups>
    <test started-at="2022-04-17T23:45:15 IST" name="Test" finished-at="2022-04-17T23:45:28 IST" duration-ms="13876">
      <class name="Test.HomeTest">
        <test-method is-config="true" signature="initObject()[pri:0, instance:Test.HomeTest@3e58a80e]" started-at="2022-04-17T23:45:28 IST" name="initObject" finished-at="2022-04-17T23:45:28 IST" duration-ms="26" status="PASS">
          <reporter-output>
          </reporter-output>
        </test-method> <!-- initObject -->
        <test-method signature="Logout()[pri:0, instance:Test.HomeTest@3e58a80e]" started-at="2022-04-17T23:45:28 IST" name="Logout" finished-at="2022-04-17T23:45:28 IST" duration-ms="181" status="PASS">
          <reporter-output>
          </reporter-output>
        </test-method> <!-- Logout -->
      </class> <!-- Test.HomeTest -->
      <class name="Test.LoginTest">
        <test-method is-config="true" signature="beforeSuite()[pri:0, instance:Test.LoginTest@5ffead27]" started-at="2022-04-17T23:44:17 IST" name="beforeSuite" finished-at="2022-04-17T23:45:15 IST" duration-ms="57090" status="PASS">
          <reporter-output>
          </reporter-output>
        </test-method> <!-- beforeSuite -->
        <test-method is-config="true" signature="Initialize()[pri:0, instance:Test.LoginTest@5ffead27]" started-at="2022-04-17T23:45:15 IST" name="Initialize" finished-at="2022-04-17T23:45:15 IST" duration-ms="283" status="PASS">
          <reporter-output>
          </reporter-output>
        </test-method> <!-- Initialize -->
        <test-method signature="Login()[pri:0, instance:Test.LoginTest@5ffead27]" started-at="2022-04-17T23:45:15 IST" name="Login" finished-at="2022-04-17T23:45:28 IST" duration-ms="13332" status="PASS">
          <reporter-output>
          </reporter-output>
        </test-method> <!-- Login -->
        <test-method is-config="true" signature="afterSuite()[pri:0, instance:Test.LoginTest@5ffead27]" started-at="2022-04-17T23:45:29 IST" name="afterSuite" finished-at="2022-04-17T23:45:29 IST" duration-ms="523" status="PASS">
          <reporter-output>
          </reporter-output>
        </test-method> <!-- afterSuite -->
      </class> <!-- Test.LoginTest -->
    </test> <!-- Test -->
  </suite> <!-- Suite -->
</testng-results>
